<?xml version="1.0" encoding="UTF-8"?>
<testsuite name="com.pfcti.CodeChallenge.service.ClienteServiceTest" tests="1" skipped="0" failures="0" errors="0" timestamp="2023-04-27T03:40:31" hostname="mac-ram.lan" time="0.457">
  <properties/>
  <testcase name="obtenerClientes()" classname="com.pfcti.CodeChallenge.service.ClienteServiceTest" time="0.457"/>
  <system-out><![CDATA[21:40:24.299 [Test worker] DEBUG org.springframework.boot.test.context.SpringBootTestContextBootstrapper -- Neither @ContextConfiguration nor @ContextHierarchy found for test class [ClienteServiceTest]: using SpringBootContextLoader
21:40:24.307 [Test worker] DEBUG org.springframework.test.context.support.AbstractContextLoader -- Could not detect default resource locations for test class [com.pfcti.CodeChallenge.service.ClienteServiceTest]: no resource found for suffixes {-context.xml, Context.groovy}.
21:40:24.308 [Test worker] INFO org.springframework.test.context.support.AnnotationConfigContextLoaderUtils -- Could not detect default configuration classes for test class [com.pfcti.CodeChallenge.service.ClienteServiceTest]: ClienteServiceTest does not declare any static, non-private, non-final, nested classes annotated with @Configuration.
21:40:24.347 [Test worker] DEBUG org.springframework.boot.test.context.SpringBootTestContextBootstrapper -- Using ContextCustomizers for test class [ClienteServiceTest]: [DisableObservabilityContextCustomizer, PropertyMappingContextCustomizer, Customizer, ExcludeFilterContextCustomizer, DuplicateJsonObjectContextCustomizer, MockitoContextCustomizer, TestRestTemplateContextCustomizer, WebTestClientContextCustomizer]
21:40:24.502 [Test worker] DEBUG org.springframework.context.annotation.ClassPathScanningCandidateComponentProvider -- Identified candidate component class: file [/Users/roger.araya/Library/CloudStorage/OneDrive-PromericaFinancialCorporation/Respaldo/CursoJava2023/RepoGit/CodeChallengeClase8/build/classes/java/main/com/pfcti/CodeChallenge/CodeChallengeApplication.class]
21:40:24.506 [Test worker] INFO org.springframework.boot.test.context.SpringBootTestContextBootstrapper -- Found @SpringBootConfiguration com.pfcti.CodeChallenge.CodeChallengeApplication for test class com.pfcti.CodeChallenge.service.ClienteServiceTest
21:40:24.635 [Test worker] DEBUG org.springframework.boot.test.context.SpringBootTestContextBootstrapper -- Using TestExecutionListeners for test class [ClienteServiceTest]: [ServletTestExecutionListener, DirtiesContextBeforeModesTestExecutionListener, ApplicationEventsTestExecutionListener, MockitoTestExecutionListener, DependencyInjectionTestExecutionListener, DirtiesContextTestExecutionListener, TransactionalTestExecutionListener, SqlScriptsTestExecutionListener, EventPublishingTestExecutionListener, RestDocsTestExecutionListener, MockRestServiceServerResetTestExecutionListener, MockMvcPrintOnlyOnFailureTestExecutionListener, WebDriverTestExecutionListener, MockWebServiceServerTestExecutionListener, ResetMocksTestExecutionListener]
21:40:24.638 [Test worker] DEBUG org.springframework.test.context.support.AbstractDirtiesContextTestExecutionListener -- Before test class: class [ClienteServiceTest], class annotated with @DirtiesContext [false] with mode [null]

  .   ____          _            __ _ _
 /\\ / ___'_ __ _ _(_)_ __  __ _ \ \ \ \
( ( )\___ | '_ | '_| | '_ \/ _` | \ \ \ \
 \\/  ___)| |_)| | | | | || (_| |  ) ) ) )
  '  |____| .__|_| |_|_| |_\__, | / / / /
 =========|_|==============|___/=/_/_/_/
 :: Spring Boot ::                (v3.0.6)

2023-04-26T21:40:25.103-06:00  INFO 5780 --- [    Test worker] c.p.C.service.ClienteServiceTest         : Starting ClienteServiceTest using Java 20 with PID 5780 (started by roger.araya in /Users/roger.araya/Library/CloudStorage/OneDrive-PromericaFinancialCorporation/Respaldo/CursoJava2023/RepoGit/CodeChallengeClase8)
2023-04-26T21:40:25.106-06:00  INFO 5780 --- [    Test worker] c.p.C.service.ClienteServiceTest         : No active profile set, falling back to 1 default profile: "default"
2023-04-26T21:40:26.545-06:00  INFO 5780 --- [    Test worker] .s.d.r.c.RepositoryConfigurationDelegate : Bootstrapping Spring Data JPA repositories in DEFAULT mode.
2023-04-26T21:40:26.712-06:00  INFO 5780 --- [    Test worker] .s.d.r.c.RepositoryConfigurationDelegate : Finished Spring Data repository scanning in 157 ms. Found 1 JPA repository interfaces.
2023-04-26T21:40:27.332-06:00  INFO 5780 --- [    Test worker] trationDelegate$BeanPostProcessorChecker : Bean 'org.springframework.ws.config.annotation.DelegatingWsConfiguration' of type [org.springframework.ws.config.annotation.DelegatingWsConfiguration$$SpringCGLIB$$0] is not eligible for getting processed by all BeanPostProcessors (for example: not eligible for auto-proxying)
2023-04-26T21:40:27.366-06:00  INFO 5780 --- [    Test worker] .w.s.a.s.AnnotationActionEndpointMapping : Supporting [WS-Addressing August 2004, WS-Addressing 1.0]
2023-04-26T21:40:27.667-06:00  INFO 5780 --- [    Test worker] o.hibernate.jpa.internal.util.LogHelper  : HHH000204: Processing PersistenceUnitInfo [name: default]
2023-04-26T21:40:27.719-06:00  INFO 5780 --- [    Test worker] org.hibernate.Version                    : HHH000412: Hibernate ORM core version 6.1.7.Final
2023-04-26T21:40:28.211-06:00  INFO 5780 --- [    Test worker] com.zaxxer.hikari.HikariDataSource       : HikariPool-1 - Starting...
2023-04-26T21:40:28.480-06:00  INFO 5780 --- [    Test worker] com.zaxxer.hikari.pool.HikariPool        : HikariPool-1 - Added connection conn0: url=jdbc:h2:file:~/ejemplo_db user=
2023-04-26T21:40:28.484-06:00  INFO 5780 --- [    Test worker] com.zaxxer.hikari.HikariDataSource       : HikariPool-1 - Start completed.
2023-04-26T21:40:28.514-06:00  INFO 5780 --- [    Test worker] SQL dialect                              : HHH000400: Using dialect: org.hibernate.dialect.H2Dialect
Hibernate: drop table if exists cliente cascade 
Hibernate: create table cliente (id integer generated by default as identity, apellidos varchar(255), direccion_domicilio varchar(255), estado boolean, identificacion varchar(255), nombres varchar(255), pais_nacimiento varchar(255), pais_residencia varchar(255), telefono_contacto varchar(255), primary key (id))
2023-04-26T21:40:29.280-06:00  INFO 5780 --- [    Test worker] o.h.e.t.j.p.i.JtaPlatformInitiator       : HHH000490: Using JtaPlatform implementation: [org.hibernate.engine.transaction.jta.platform.internal.NoJtaPlatform]
2023-04-26T21:40:29.288-06:00  INFO 5780 --- [    Test worker] j.LocalContainerEntityManagerFactoryBean : Initialized JPA EntityManagerFactory for persistence unit 'default'
2023-04-26T21:40:30.529-06:00  WARN 5780 --- [    Test worker] JpaBaseConfiguration$JpaWebConfiguration : spring.jpa.open-in-view is enabled by default. Therefore, database queries may be performed during view rendering. Explicitly configure spring.jpa.open-in-view to disable this warning
2023-04-26T21:40:30.963-06:00  INFO 5780 --- [    Test worker] o.s.b.a.h2.H2ConsoleAutoConfiguration    : H2 console available at '/h2'. Database available at 'jdbc:h2:file:~/ejemplo_db'
2023-04-26T21:40:31.189-06:00  INFO 5780 --- [    Test worker] c.p.C.service.ClienteServiceTest         : Started ClienteServiceTest in 6.505 seconds (process running for 8.897)
Hibernate: select c1_0.id,c1_0.apellidos,c1_0.direccion_domicilio,c1_0.estado,c1_0.identificacion,c1_0.nombres,c1_0.pais_nacimiento,c1_0.pais_residencia,c1_0.telefono_contacto from cliente c1_0
Hibernate: select c1_0.id,c1_0.apellidos,c1_0.direccion_domicilio,c1_0.estado,c1_0.identificacion,c1_0.nombres,c1_0.pais_nacimiento,c1_0.pais_residencia,c1_0.telefono_contacto from cliente c1_0
>>>>> CLIENTE EXISTENTE: Roger araya
>>>>> CLIENTE EXISTENTE: Sonia Fallas
>>>>> CLIENTE EXISTENTE: Damian Araya
]]></system-out>
  <system-err><![CDATA[]]></system-err>
</testsuite>
